<?xml version="1.0" encoding="UTF-8"?>
<testsuite xmlns:xsi="http://www.w3.org/2001/XMLSchema-instance" xsi:noNamespaceSchemaLocation="https://maven.apache.org/surefire/maven-surefire-plugin/xsd/surefire-test-report-3.0.xsd" version="3.0" name="com.test.edu.EmpInfo_JUnitTest" time="0.023" tests="1" errors="0" skipped="0" failures="0">
  <properties>
[...]
</properties>
  <testcase name="okUser_Test" classname="com.test.edu.EmpInfo_JUnitTest" time="0.022">
    <system-out><![CDATA[2024-06-20 12:42:09 INFO  UserInfoDaoImpl:64 - 사용자 삭제 :바보
2024-06-20 12:42:09 DEBUG JdbcTransaction:143 - Opening JDBC Connection
2024-06-20 12:42:09 DEBUG PooledDataSource:448 - Created connection 26357357.
2024-06-20 12:42:09 DEBUG okUser:137 - ==>  Preparing: UPDATE EMPINFO e SET ENABLE='Y' WHERE ID = ?
2024-06-20 12:42:09 DEBUG okUser:137 - ==> Parameters: 바보(String)
2024-06-20 12:42:09 DEBUG okUser:137 - <==    Updates: 1
]]></system-out>
  </testcase>
</testsuite>