<?xml version="1.0" encoding="UTF-8"?>
<testsuite xmlns:xsi="http://www.w3.org/2001/XMLSchema-instance" xsi:noNamespaceSchemaLocation="https://maven.apache.org/surefire/maven-surefire-plugin/xsd/surefire-test-report-3.0.xsd" version="3.0" name="com.test.edu.EduBoard_JUnitTest" time="0.67" tests="1" errors="0" skipped="0" failures="0">
  <properties>
[...]
</properties>
  <testcase name="selectMyBoard_JUnitTest" classname="com.test.edu.EduBoard_JUnitTest" time="0.635">
    <system-out><![CDATA[2024-06-20 12:42:09 DEBUG LogFactory:109 - Logging initialized using 'class org.apache.ibatis.logging.slf4j.Slf4jImpl' adapter.
2024-06-20 12:42:09 DEBUG PooledDataSource:373 - PooledDataSource forcefully closed/removed all connections.
2024-06-20 12:42:09 DEBUG PooledDataSource:373 - PooledDataSource forcefully closed/removed all connections.
2024-06-20 12:42:09 DEBUG PooledDataSource:373 - PooledDataSource forcefully closed/removed all connections.
2024-06-20 12:42:09 DEBUG PooledDataSource:373 - PooledDataSource forcefully closed/removed all connections.
SqlSessionFactory 객체 생성
2024-06-20 12:42:09 INFO  BoardDaoImpl:22 - BoardDaoImpl selectAllBoard
2024-06-20 12:42:09 DEBUG JdbcTransaction:143 - Opening JDBC Connection
2024-06-20 12:42:09 DEBUG PooledDataSource:448 - Created connection 310016558.
2024-06-20 12:42:09 DEBUG JdbcTransaction:107 - Setting autocommit to false on JDBC Connection [oracle.jdbc.driver.T4CConnection@127a7a2e]
2024-06-20 12:42:09 DEBUG selectAllBoard:137 - ==>  Preparing: SELECT SEQ, ID, TITLE, CONTENT, DELFLAG, CREATEAT FROM( SELECT SEQ, ID, TITLE, CONTENT, DELFLAG, TO_CHAR(CREATEAT, 'YYYY-MM-DD HH:MI:SS') AS CREATEAT, ROW_NUMBER() OVER(ORDER BY SEQ DESC) RN FROM EDUBOARD ) WHERE RN BETWEEN ? AND ?
2024-06-20 12:42:09 DEBUG selectAllBoard:137 - ==> Parameters: 1(Integer), 5(Integer)
2024-06-20 12:42:09 TRACE selectAllBoard:143 - <==    Columns: SEQ, ID, TITLE, CONTENT, DELFLAG, CREATEAT
2024-06-20 12:42:09 TRACE selectAllBoard:143 - <==        Row: 39, ADMIN, 헤헤, 바보자식 메롱, N, 2024-06-19 12:38:21
2024-06-20 12:42:09 TRACE selectAllBoard:143 - <==        Row: 38, 바보, ddd, dd, N, 2024-06-19 11:52:22
2024-06-20 12:42:09 TRACE selectAllBoard:143 - <==        Row: 37, 바보, 글제목, 글내용, Y, 2024-06-19 09:21:28
2024-06-20 12:42:09 TRACE selectAllBoard:143 - <==        Row: 36, 바보, 글제목, 글내용, Y, 2024-06-19 09:21:27
2024-06-20 12:42:09 TRACE selectAllBoard:143 - <==        Row: 35, 바보, 글제목, 글내용, Y, 2024-06-19 09:21:26
2024-06-20 12:42:09 DEBUG selectAllBoard:137 - <==      Total: 5
]]></system-out>
  </testcase>
</testsuite>